Detecting compiler hash for triplet x64-linux...
Compiler found: /usr/bin/c++
The following packages are already installed:
  * brotli:x64-linux@1.1.0#1
  * bzip2[core,tool]:x64-linux@1.0.8#6
  * dbus[core,systemd]:x64-linux@1.16.2#1
  * expat:x64-linux@2.7.1
  * freetype[brotli,bzip2,core,png,zlib]:x64-linux@2.13.3
  * gperf:x64-linux@3.1#7
  * libcap:x64-linux@2.73
  * liblzma:x64-linux@5.8.1
  * libmount:x64-linux@2.40
  * libpng:x64-linux@1.6.47
  * libsystemd:x64-linux@256.4
  * libxcrypt:x64-linux@4.4.38
  * lz4:x64-linux@1.10.0
    sdl2[core,dbus,ibus,wayland,x11]:x64-linux@2.32.6
    sdl2-image:x64-linux@2.8.8#1
    sdl2-ttf:x64-linux@2.24.0
  * vcpkg-cmake:x64-linux@2024-04-23
  * vcpkg-cmake-config:x64-linux@2024-05-23
  * vcpkg-cmake-get-vars:x64-linux@2024-09-22
  * vcpkg-make:x64-linux@2025-04-25
  * vcpkg-tool-meson:x64-linux@1.7.2
  * zlib:x64-linux@1.3.1
  * zstd:x64-linux@1.5.7
sdl2 provides CMake targets:

    find_package(SDL2 CONFIG REQUIRED)
    target_link_libraries(main
        PRIVATE
        $<TARGET_NAME_IF_EXISTS:SDL2::SDL2main>
        $<IF:$<TARGET_EXISTS:SDL2::SDL2>,SDL2::SDL2,SDL2::SDL2-static>
    )

sdl2-image provides CMake targets:

    find_package(SDL2_image CONFIG REQUIRED)
    target_link_libraries(main PRIVATE $<IF:$<TARGET_EXISTS:SDL2_image::SDL2_image>,SDL2_image::SDL2_image,SDL2_image::SDL2_image-static>)

sdl2-ttf provides CMake targets:

    find_package(SDL2_ttf CONFIG REQUIRED)
    target_link_libraries(main PRIVATE $<IF:$<TARGET_EXISTS:SDL2_ttf::SDL2_ttf>,SDL2_ttf::SDL2_ttf,SDL2_ttf::SDL2_ttf-static>)

All requested installations completed successfully in: 138 ms
